<?xml version="1.0" encoding="UTF-8"?>
<testsuite xmlns:xsi="http://www.w3.org/2001/XMLSchema-instance" xsi:noNamespaceSchemaLocation="https://maven.apache.org/surefire/maven-surefire-plugin/xsd/surefire-test-report.xsd" name="CustomerCreateTest" time="11.327" tests="5" errors="0" skipped="0" failures="0">
  <properties>
[...]
</properties>
  <testcase name="doubleCustomerRegisterTest" classname="CustomerCreateTest" time="8.089"/>
  <testcase name="requestWithoutPasswordTest" classname="CustomerCreateTest" time="0.526"/>
  <testcase name="customerCreateRegisterTest" classname="CustomerCreateTest" time="1.245"/>
  <testcase name="requestWithoutEmailTest" classname="CustomerCreateTest" time="0.571"/>
  <testcase name="requestWithoutNameTest" classname="CustomerCreateTest" time="0.472"/>
</testsuite>